<?xml version="1.0" encoding="UTF-8"?>
<!-- Generated by org.testng.reporters.JUnitReportReporter -->
<testsuite hostname="DESKTOP-PSMDK9Q" failures="0" tests="1" name="com.inetbanking.testCases.TC_LoginTest_001" time="4.173" errors="0" timestamp="07 Jan 2022 17:34:56 GMT" skipped="0">
  <testcase classname="com.inetbanking.testCases.TC_LoginTest_001" name="loginTest" time="4.173"/>
</testsuite> <!-- com.inetbanking.testCases.TC_LoginTest_001 -->
